2023-12-19 22:11:37.657 +03:00  INF  Now listening on: https://localhost:7106
2023-12-19 22:11:37.668 +03:00  INF  Now listening on: http://localhost:5014
2023-12-19 22:11:37.668 +03:00  INF  Application started. Press Ctrl+C to shut down.
2023-12-19 22:11:37.668 +03:00  INF  Hosting environment: Development
2023-12-19 22:11:37.669 +03:00  INF  Content root path: /Users/talhabuyukkose/Repos/Github/HealthCare/src/Presentation/HealthCare.WebApi
2023-12-19 22:13:50.566 +03:00  INF  Application is shutting down...
2023-12-19 23:17:08.805 +03:00  INF  Now listening on: https://localhost:7106
2023-12-19 23:17:08.816 +03:00  INF  Now listening on: http://localhost:5014
2023-12-19 23:17:08.816 +03:00  INF  Application started. Press Ctrl+C to shut down.
2023-12-19 23:17:08.816 +03:00  INF  Hosting environment: Development
2023-12-19 23:17:08.816 +03:00  INF  Content root path: /Users/talhabuyukkose/Repos/Github/HealthCare/src/Presentation/HealthCare.WebApi
2023-12-19 23:26:47.800 +03:00  INF  Application is shutting down...
2023-12-19 23:26:51.944 +03:00  INF  Now listening on: https://localhost:7106
2023-12-19 23:26:51.955 +03:00  INF  Now listening on: http://localhost:5014
2023-12-19 23:26:51.956 +03:00  INF  Application started. Press Ctrl+C to shut down.
2023-12-19 23:26:51.956 +03:00  INF  Hosting environment: Development
2023-12-19 23:26:51.957 +03:00  INF  Content root path: /Users/talhabuyukkose/Repos/Github/HealthCare/src/Presentation/HealthCare.WebApi
2023-12-19 23:28:02.317 +03:00  INF  Application is shutting down...
2023-12-19 23:28:20.357 +03:00  INF  Now listening on: https://localhost:7106
2023-12-19 23:28:20.368 +03:00  INF  Now listening on: http://localhost:5014
2023-12-19 23:28:20.369 +03:00  INF  Application started. Press Ctrl+C to shut down.
2023-12-19 23:28:20.369 +03:00  INF  Hosting environment: Development
2023-12-19 23:28:20.369 +03:00  INF  Content root path: /Users/talhabuyukkose/Repos/Github/HealthCare/src/Presentation/HealthCare.WebApi
2023-12-19 23:28:53.660 +03:00  INF  Application is shutting down...
2023-12-19 23:29:26.995 +03:00  INF  Now listening on: https://localhost:7106
2023-12-19 23:29:27.006 +03:00  INF  Now listening on: http://localhost:5014
2023-12-19 23:29:27.007 +03:00  INF  Application started. Press Ctrl+C to shut down.
2023-12-19 23:29:27.007 +03:00  INF  Hosting environment: Development
2023-12-19 23:29:27.007 +03:00  INF  Content root path: /Users/talhabuyukkose/Repos/Github/HealthCare/src/Presentation/HealthCare.WebApi
2023-12-19 23:30:49.903 +03:00  INF  Now listening on: https://localhost:7106
2023-12-19 23:30:49.914 +03:00  INF  Now listening on: http://localhost:5014
2023-12-19 23:30:49.915 +03:00  INF  Application started. Press Ctrl+C to shut down.
2023-12-19 23:30:49.915 +03:00  INF  Hosting environment: Development
2023-12-19 23:30:49.915 +03:00  INF  Content root path: /Users/talhabuyukkose/Repos/Github/HealthCare/src/Presentation/HealthCare.WebApi
2023-12-19 23:35:04.690 +03:00  INF  Now listening on: https://localhost:7106
2023-12-19 23:35:04.700 +03:00  INF  Now listening on: http://localhost:5014
2023-12-19 23:35:04.701 +03:00  INF  Application started. Press Ctrl+C to shut down.
2023-12-19 23:35:04.701 +03:00  INF  Hosting environment: Development
2023-12-19 23:35:04.701 +03:00  INF  Content root path: /Users/talhabuyukkose/Repos/Github/HealthCare/src/Presentation/HealthCare.WebApi
2023-12-19 23:37:39.996 +03:00  INF  Now listening on: https://localhost:7106
2023-12-19 23:37:40.007 +03:00  INF  Now listening on: http://localhost:5014
2023-12-19 23:37:40.007 +03:00  INF  Application started. Press Ctrl+C to shut down.
2023-12-19 23:37:40.008 +03:00  INF  Hosting environment: Development
2023-12-19 23:37:40.008 +03:00  INF  Content root path: /Users/talhabuyukkose/Repos/Github/HealthCare/src/Presentation/HealthCare.WebApi
2023-12-19 23:46:42.636 +03:00  INF  Now listening on: https://localhost:7106
2023-12-19 23:46:42.651 +03:00  INF  Now listening on: http://localhost:5014
2023-12-19 23:46:42.652 +03:00  INF  Application started. Press Ctrl+C to shut down.
2023-12-19 23:46:42.653 +03:00  INF  Hosting environment: Development
2023-12-19 23:46:42.653 +03:00  INF  Content root path: /Users/talhabuyukkose/Repos/Github/HealthCare/src/Presentation/HealthCare.WebApi
2023-12-19 23:47:47.464 +03:00  INF  Application is shutting down...
